<?xml version="1.0" encoding="UTF-8"?>
<!-- Generated by org.testng.reporters.JUnitReportReporter -->
<testsuite hostname="DESKTOP-FRQ0CFQ" name="com.talentscreen.test.WeatherApiTest" tests="2" failures="0" timestamp="5 Jan 2018 07:10:22 GMT" time="0.732" errors="0">
  <testcase name="postTest" time="0.201" classname="com.talentscreen.test.WeatherApiTest"/>
  <testcase name="getTest" time="0.531" classname="com.talentscreen.test.WeatherApiTest"/>
</testsuite> <!-- com.talentscreen.test.WeatherApiTest -->
